Log file open, 03/25/20 14:03:21
LogWindows: Failed to load 'aqProf.dll' (GetLastError=126)
LogWindows: File 'aqProf.dll' does not exist
LogWindows: Failed to load 'VSPerf140.dll' (GetLastError=126)
LogWindows: File 'VSPerf140.dll' does not exist
LogWindows: Failed to load 'VtuneApi.dll' (GetLastError=126)
LogWindows: File 'VtuneApi.dll' does not exist
LogWindows: Failed to load 'VtuneApi32e.dll' (GetLastError=126)
LogWindows: File 'VtuneApi32e.dll' does not exist
LogInit: Display: Running engine for game: Archaic_Chain_FPS
LogPlatformFile: Not using cached read wrapper
LogTaskGraph: Started task graph with 5 named threads and 35 total threads with 3 sets of task threads.
LogStats: Stats thread started at 0.427712
LogD3D11RHI: Loaded GFSDK_Aftermath_Lib.x64.dll
LogICUInternationalization: Display: ICU TimeZone Detection - Raw Offset: -8:00, Platform Override: ''
LogPluginManager: Mounting plugin Paper2D
LogPluginManager: Mounting plugin AISupport
LogPluginManager: Mounting plugin LightPropagationVolume
LogPluginManager: Mounting plugin CLionSourceCodeAccess
LogPluginManager: Mounting plugin CodeLiteSourceCodeAccess
LogPluginManager: Mounting plugin GitSourceControl
LogPluginManager: Mounting plugin KDevelopSourceCodeAccess
LogPluginManager: Mounting plugin NullSourceCodeAccess
LogPluginManager: Mounting plugin PerforceSourceControl
LogPluginManager: Mounting plugin SubversionSourceControl
LogPluginManager: Mounting plugin UObjectPlugin
LogPluginManager: Mounting plugin VisualStudioCodeSourceCodeAccess
LogPluginManager: Mounting plugin VisualStudioSourceCodeAccess
LogPluginManager: Mounting plugin XCodeSourceCodeAccess
LogPluginManager: Mounting plugin AssetManagerEditor
LogPluginManager: Mounting plugin CryptoKeys
LogPluginManager: Mounting plugin DataValidation
LogPluginManager: Mounting plugin FacialAnimation
LogPluginManager: Mounting plugin GameplayTagsEditor
LogPluginManager: Mounting plugin MacGraphicsSwitching
LogPluginManager: Mounting plugin MeshEditor
LogPluginManager: Mounting plugin MobileLauncherProfileWizard
LogPluginManager: Mounting plugin PluginBrowser
LogPluginManager: Mounting plugin SpeedTreeImporter
LogPluginManager: Mounting plugin DatasmithContent
LogPluginManager: Mounting plugin AlembicImporter
LogPluginManager: Mounting plugin AppleImageUtils
LogPluginManager: Mounting plugin AppleVision
LogPluginManager: Mounting plugin BackChannel
LogPluginManager: Mounting plugin CharacterAI
LogPluginManager: Mounting plugin GeometryCache
LogPluginManager: Mounting plugin HTML5Networking
LogPluginManager: Mounting plugin ProxyLODPlugin
LogPluginManager: Mounting plugin MagicLeap
LogPluginManager: Mounting plugin MagicLeapEmulator
LogPluginManager: Mounting plugin MagicLeapMedia
LogPluginManager: Mounting plugin AndroidMedia
LogPluginManager: Mounting plugin AvfMedia
LogPluginManager: Mounting plugin ImgMedia
LogPluginManager: Mounting plugin LinearTimecode
LogPluginManager: Mounting plugin MediaCompositing
LogPluginManager: Mounting plugin MediaPlayerEditor
LogPluginManager: Mounting plugin WmfMedia
LogPluginManager: Mounting plugin TcpMessaging
LogPluginManager: Mounting plugin UdpMessaging
LogPluginManager: Mounting plugin ActorSequence
LogPluginManager: Mounting plugin LevelSequenceEditor
LogPluginManager: Mounting plugin MatineeToLevelSequence
LogPluginManager: Mounting plugin NetcodeUnitTest
LogPluginManager: Mounting plugin NUTUnrealEngine4
LogPluginManager: Mounting plugin OnlineSubsystemGooglePlay
LogPluginManager: Mounting plugin OnlineSubsystemIOS
LogPluginManager: Mounting plugin OnlineSubsystem
LogPluginManager: Mounting plugin OnlineSubsystemNull
LogPluginManager: Mounting plugin OnlineSubsystemUtils
LogPluginManager: Mounting plugin LauncherChunkInstaller
LogPluginManager: Mounting plugin AndroidDeviceProfileSelector
LogPluginManager: Mounting plugin AndroidMoviePlayer
LogPluginManager: Mounting plugin AndroidPermission
LogPluginManager: Mounting plugin AppleMoviePlayer
LogPluginManager: Mounting plugin ArchVisCharacter
LogPluginManager: Mounting plugin AudioCapture
LogPluginManager: Mounting plugin CableComponent
LogPluginManager: Mounting plugin CustomMeshComponent
LogPluginManager: Mounting plugin EditableMesh
LogPluginManager: Mounting plugin ExampleDeviceProfileSelector
LogPluginManager: Mounting plugin GoogleCloudMessaging
LogPluginManager: Mounting plugin ImmediatePhysics
LogPluginManager: Mounting plugin IOSDeviceProfileSelector
LogPluginManager: Mounting plugin LinuxDeviceProfileSelector
LogPluginManager: Mounting plugin LocationServicesBPLibrary
LogPluginManager: Mounting plugin MobilePatchingUtils
LogPluginManager: Mounting plugin PhysXVehicles
LogPluginManager: Mounting plugin ProceduralMeshComponent
LogPluginManager: Mounting plugin RuntimePhysXCooking
LogPluginManager: Mounting plugin WindowsMoviePlayer
LogStreaming: Display: Took  0.112s to configure plugins.
LogInit: Using libcurl 7.55.1-DEV
LogInit:  - built for x86_64-pc-win32
LogInit:  - supports SSL with OpenSSL/1.0.2h
LogInit:  - supports HTTP deflate (compression) using libz 1.2.8
LogInit:  - other features:
LogInit:      CURL_VERSION_SSL
LogInit:      CURL_VERSION_LIBZ
LogInit:      CURL_VERSION_IPV6
LogInit:      CURL_VERSION_ASYNCHDNS
LogInit:      CURL_VERSION_LARGEFILE
LogInit:      CURL_VERSION_IDN
LogInit:  CurlRequestOptions (configurable via config and command line):
LogInit:  - bVerifyPeer = false  - Libcurl will NOT verify peer certificate
LogInit:  - bUseHttpProxy = false  - Libcurl will NOT use HTTP proxy
LogInit:  - bDontReuseConnections = false  - Libcurl will reuse connections
LogInit:  - CertBundlePath = nullptr  - Libcurl will use whatever was configured at build time.
LogInit:  - MaxHostConnections = 16  - Libcurl will limit the number of connections to a host
LogInit:  - LocalHostAddr = Default
LogInit:  - BufferSize = 65536
LogInit: WinSock: version 1.1 (2.2), MaxSocks=32767, MaxUdp=65467
LogInit: Build: ++UE4+Release-4.20-CL-4369336
LogInit: Engine Version: 4.20.3-4369336+++UE4+Release-4.20
LogInit: Compatible Engine Version: 4.20.0-4212847+++UE4+Release-4.20
LogInit: Net CL: 4212847
LogInit: OS: Windows 10 (), CPU: AMD Ryzen 5 3600 6-Core Processor              , GPU: NVIDIA GeForce RTX 2070
LogInit: Compiled (64-bit): Sep 17 2018 12:26:19
LogInit: Compiled with Visual C++: 19.13.26129.00
LogInit: Build Configuration: Development
LogInit: Branch Name: ++UE4+Release-4.20
LogInit: Command Line:  
LogInit: Base Directory: C:/Program Files/Epic Games/UE_4.20/Engine/Binaries/Win64/
LogInit: Installed Engine Build: 1
LogDevObjectVersion: Number of dev versions registered: 20
LogDevObjectVersion:   Dev-Blueprints (B0D832E4-1F89-4F0D-ACCF-7EB736FD4AA2): 10
LogDevObjectVersion:   Dev-Build (E1C64328-A22C-4D53-A36C-8E866417BD8C): 0
LogDevObjectVersion:   Dev-Core (375EC13C-06E4-48FB-B500-84F0262A717E): 2
LogDevObjectVersion:   Dev-Editor (E4B068ED-F494-42E9-A231-DA0B2E46BB41): 24
LogDevObjectVersion:   Dev-Framework (CFFC743F-43B0-4480-9391-14DF171D2073): 34
LogDevObjectVersion:   Dev-Mobile (B02B49B5-BB20-44E9-A304-32B752E40360): 2
LogDevObjectVersion:   Dev-Networking (A4E4105C-59A1-49B5-A7C5-40C4547EDFEE): 0
LogDevObjectVersion:   Dev-Online (39C831C9-5AE6-47DC-9A44-9C173E1C8E7C): 0
LogDevObjectVersion:   Dev-Physics (78F01B33-EBEA-4F98-B9B4-84EACCB95AA2): 0
LogDevObjectVersion:   Dev-Platform (6631380F-2D4D-43E0-8009-CF276956A95A): 0
LogDevObjectVersion:   Dev-Rendering (12F88B9F-8875-4AFC-A67C-D90C383ABD29): 26
LogDevObjectVersion:   Dev-Sequencer (7B5AE74C-D270-4C10-A958-57980B212A5A): 9
LogDevObjectVersion:   Dev-VR (D7296918-1DD6-4BDD-9DE2-64A83CC13884): 2
LogDevObjectVersion:   Dev-LoadTimes (C2A15278-BFE7-4AFE-6C17-90FF531DF755): 1
LogDevObjectVersion:   Private-Geometry (6EACA3D4-40EC-4CC1-B786-8BED09428FC5): 3
LogDevObjectVersion:   Dev-AnimPhys (29E575DD-E0A3-4627-9D10-D276232CDCEA): 17
LogDevObjectVersion:   Dev-ReflectionCapture (6B266CEC-1EC7-4B8F-A30B-E4D90942FC07): 1
LogDevObjectVersion:   Dev-Automation (0DF73D61-A23F-47EA-B727-89E90C41499A): 1
LogDevObjectVersion:   FortniteMain (601D1886-AC64-4F84-AA16-D3DE0DEAC7D6): 12
LogDevObjectVersion:   Dev-Enterprise (9DFFBCD6-494F-0158-E221-12823C92A888): 1
LogStreaming: Display: Took  0.000s to delete old logs.
LogInit: Presizing for max 8388607 objects, including 0 objects not considered by GC, pre-allocating 0 bytes for permanent pool.
LogInit: Object subsystem initialized
[2020.03.25-21.03.21:622][  0]LogInit: Selected Device Profile: [Windows]
[2020.03.25-21.03.21:622][  0]LogInit: Applying CVar settings loaded from the selected device profile: [Windows]
[2020.03.25-21.03.21:640][  0]LogHAL: Display: Platform has ~ 16 GB [17130156032 / 17179869184 / 16], which maps to Larger [LargestMinGB=32, LargerMinGB=12, DefaultMinGB=8, SmallerMinGB=6, SmallestMinGB=0)
[2020.03.25-21.03.21:640][  0]LogInit: Setting Device Profile CVar: [[r.Vulkan.UseRealUBs:1]]
[2020.03.25-21.03.21:640][  0]LogInit: Going up to parent DeviceProfile []
[2020.03.25-21.03.21:641][  0]LogInit: Computer: VRTUALWORLD
[2020.03.25-21.03.21:641][  0]LogInit: User: Michael
[2020.03.25-21.03.21:641][  0]LogInit: CPU Page size=4096, Cores=6
[2020.03.25-21.03.21:641][  0]LogInit: High frequency timer resolution =10.000000 MHz
[2020.03.25-21.03.21:641][  0]LogMemory: Memory total: Physical=16.0GB (16GB approx)
[2020.03.25-21.03.21:641][  0]LogMemory: Platform Memory Stats for Windows
[2020.03.25-21.03.21:641][  0]LogMemory: Process Physical Memory: 101.23 MB used, 101.23 MB peak
[2020.03.25-21.03.21:641][  0]LogMemory: Process Virtual Memory: 85.58 MB used, 85.58 MB peak
[2020.03.25-21.03.21:641][  0]LogMemory: Physical Memory: 8776.79 MB used,  7559.80 MB free, 16336.59 MB total
[2020.03.25-21.03.21:641][  0]LogMemory: Virtual Memory: 4638.64 MB used,  7559.80 MB free, 134217728.00 MB total
[2020.03.25-21.03.21:659][  0]LogInit: Using OS detected language (en-US).
[2020.03.25-21.03.21:659][  0]LogInit: Using OS detected locale (en-US).
[2020.03.25-21.03.21:659][  0]LogTextLocalizationManager: No specific localization for 'en-US' exists, so the 'en' localization will be used.
[2020.03.25-21.03.22:103][  0]LogStreaming: Display: Took  0.445s to InitEngineTextLocalization.
[2020.03.25-21.03.22:103][  0]LogInit: Setting process to per monitor DPI aware
[2020.03.25-21.03.22:149][  0]LogSlate: New Slate User Created.  User Index 0, Is Virtual User: 0
[2020.03.25-21.03.22:149][  0]LogSlate: Slate User Registered.  User Index 0, Is Virtual User: 0
[2020.03.25-21.03.22:357][  0]LogD3D11RHI: D3D11 adapters:
[2020.03.25-21.03.22:437][  0]LogD3D11RHI:    0. 'NVIDIA GeForce RTX 2070' (Feature Level 11_0)
[2020.03.25-21.03.22:437][  0]LogD3D11RHI:       8031/0/8168 MB DedicatedVideo/DedicatedSystem/SharedSystem, Outputs:2, VendorId:0x10de
[2020.03.25-21.03.22:440][  0]LogD3D11RHI:    1. 'Microsoft Basic Render Driver' (Feature Level 11_0)
[2020.03.25-21.03.22:440][  0]LogD3D11RHI:       0/0/8168 MB DedicatedVideo/DedicatedSystem/SharedSystem, Outputs:0, VendorId:0x1414
[2020.03.25-21.03.22:440][  0]LogD3D11RHI: Chosen D3D11 Adapter: 0
[2020.03.25-21.03.22:452][  0]LogD3D11RHI: Creating new Direct3DDevice
[2020.03.25-21.03.22:452][  0]LogD3D11RHI:     GPU DeviceId: 0x1f02 (for the marketing name, search the web for "GPU Device Id")
[2020.03.25-21.03.22:452][  0]LogWindows: EnumDisplayDevices:
[2020.03.25-21.03.22:452][  0]LogWindows:    0. 'NVIDIA GeForce RTX 2070' (P:1 D:1)
[2020.03.25-21.03.22:452][  0]LogWindows:    1. 'NVIDIA GeForce RTX 2070' (P:0 D:1)
[2020.03.25-21.03.22:453][  0]LogWindows:    2. 'NVIDIA GeForce RTX 2070' (P:0 D:0)
[2020.03.25-21.03.22:453][  0]LogWindows:    3. 'NVIDIA GeForce RTX 2070' (P:0 D:0)
[2020.03.25-21.03.22:453][  0]LogWindows: DebugString: FoundDriverCount:4 
[2020.03.25-21.03.22:453][  0]LogD3D11RHI:     Adapter Name: NVIDIA GeForce RTX 2070
[2020.03.25-21.03.22:453][  0]LogD3D11RHI:   Driver Version: 442.50 (internal:26.21.14.4250, unified:442.50)
[2020.03.25-21.03.22:453][  0]LogD3D11RHI:      Driver Date: 2-24-2020
[2020.03.25-21.03.22:453][  0]LogRHI: Texture pool is 5621 MB (70% of 8031 MB)
[2020.03.25-21.03.22:523][  0]LogD3D11RHI: Async texture creation enabled
[2020.03.25-21.03.22:548][  0]LogD3D11RHI: GPU Timing Frequency: 1000.000000 (Debug: 2 2)
[2020.03.25-21.03.22:552][  0]LogShaderCompilers: Guid format shader working directory is -27 characters bigger than the processId version (../../../../../../Users/Michael/Documents/Unreal Projects/Archaic_Chain_FPS/Intermediate/Shaders/WorkingDirectory/8524/).
[2020.03.25-21.03.22:552][  0]LogShaderCompilers: Cleaned the shader compiler working directory 'C:/Users/Michael/AppData/Local/Temp/UnrealShaderWorkingDir/DF03F5B4486AAD5A65B74D969564E133/'.
[2020.03.25-21.03.22:804][  0]LogTemp: Display: Loaded TP AllDesktopTargetPlatform
[2020.03.25-21.03.22:821][  0]LogTemp: Display: Loaded TP MacClientTargetPlatform
[2020.03.25-21.03.22:839][  0]LogTemp: Display: Loaded TP MacNoEditorTargetPlatform
[2020.03.25-21.03.22:856][  0]LogTemp: Display: Loaded TP MacServerTargetPlatform
[2020.03.25-21.03.22:874][  0]LogTemp: Display: Loaded TP MacTargetPlatform
[2020.03.25-21.03.22:891][  0]LogTemp: Display: Loaded TP WindowsClientTargetPlatform
[2020.03.25-21.03.22:908][  0]LogTemp: Display: Loaded TP WindowsNoEditorTargetPlatform
[2020.03.25-21.03.22:925][  0]LogTemp: Display: Loaded TP WindowsServerTargetPlatform
[2020.03.25-21.03.22:933][  0]LogTemp: Display: Loaded TP WindowsTargetPlatform
[2020.03.25-21.03.23:035][  0]LogTemp: Display: Loaded TP AndroidTargetPlatform
[2020.03.25-21.03.23:035][  0]LogTemp: Display: Loaded TP AndroidTargetPlatform
[2020.03.25-21.03.23:035][  0]LogTemp: Display: Loaded TP AndroidTargetPlatform
[2020.03.25-21.03.23:035][  0]LogTemp: Display: Loaded TP AndroidTargetPlatform
[2020.03.25-21.03.23:035][  0]LogTemp: Display: Loaded TP AndroidTargetPlatform
[2020.03.25-21.03.23:035][  0]LogTemp: Display: Loaded TP AndroidTargetPlatform
[2020.03.25-21.03.23:035][  0]LogTemp: Display: Loaded TP AndroidTargetPlatform
[2020.03.25-21.03.23:035][  0]LogTemp: Display: Loaded TP AndroidTargetPlatform
[2020.03.25-21.03.23:035][  0]LogTemp: Display: Loaded TP AndroidTargetPlatform
[2020.03.25-21.03.23:035][  0]LogTemp: Display: Loaded TP AndroidTargetPlatform
[2020.03.25-21.03.23:035][  0]LogTemp: Display: Loaded TP AndroidTargetPlatform
[2020.03.25-21.03.23:035][  0]LogTemp: Display: Loaded TP AndroidTargetPlatform
[2020.03.25-21.03.23:035][  0]LogTemp: Display: Loaded TP AndroidTargetPlatform
[2020.03.25-21.03.23:035][  0]LogTemp: Display: Loaded TP AndroidTargetPlatform
[2020.03.25-21.03.23:035][  0]LogTemp: Display: Loaded TP AndroidTargetPlatform
[2020.03.25-21.03.23:035][  0]LogTemp: Display: Loaded TP AndroidTargetPlatform
[2020.03.25-21.03.23:035][  0]LogTemp: Display: Loaded TP AndroidTargetPlatform
[2020.03.25-21.03.23:035][  0]LogTemp: Display: Loaded TP AndroidTargetPlatform
[2020.03.25-21.03.23:037][  0]LogTemp: Display: Loaded TP HTML5TargetPlatform
[2020.03.25-21.03.23:107][  0]LogTemp: Display: Loaded TP IOSTargetPlatform
[2020.03.25-21.03.23:107][  0]LogTemp: Display: Loaded TP IOSTargetPlatform
[2020.03.25-21.03.23:137][  0]LogTemp: Display: Loaded TP TVOSTargetPlatform
[2020.03.25-21.03.23:137][  0]LogTemp: Display: Loaded TP TVOSTargetPlatform
[2020.03.25-21.03.23:153][  0]LogTemp: Display: Loaded TP LinuxClientTargetPlatform
[2020.03.25-21.03.23:170][  0]LogTemp: Display: Loaded TP LinuxNoEditorTargetPlatform
[2020.03.25-21.03.23:186][  0]LogTemp: Display: Loaded TP LinuxServerTargetPlatform
[2020.03.25-21.03.23:202][  0]LogTemp: Display: Loaded TP LinuxTargetPlatform
[2020.03.25-21.03.23:214][  0]LogTemp: Display: Loaded TP LuminTargetPlatform
[2020.03.25-21.03.23:215][  0]LogTargetPlatformManager: Display: Building Assets For Windows
[2020.03.25-21.03.23:284][  0]LogXGEController: Cannot use XGE Controller as Incredibuild is not installed on this machine.
[2020.03.25-21.03.23:284][  0]LogShaderCompilers: Cannot use XGE Shader Compiler as Incredibuild is not installed on this machine.
[2020.03.25-21.03.23:284][  0]LogShaderCompilers: Display: Using Local Shader Compiler.
[2020.03.25-21.03.24:229][  0]LogDerivedDataCache: Display: Max Cache Size: 512 MB
[2020.03.25-21.03.24:284][  0]LogDerivedDataCache: Loaded boot cache 0.06s 68MB C:/Users/Michael/AppData/Local/UnrealEngine/4.20/DerivedDataCache/Boot.ddc.
[2020.03.25-21.03.24:284][  0]LogDerivedDataCache: Display: Loaded Boot cache: C:/Users/Michael/AppData/Local/UnrealEngine/4.20/DerivedDataCache/Boot.ddc
[2020.03.25-21.03.24:285][  0]LogDerivedDataCache: FDerivedDataBackendGraph:  Pak pak cache file ../../../../../../Users/Michael/Documents/Unreal Projects/Archaic_Chain_FPS/DerivedDataCache/DDC.ddp not found, will not use a pak cache.
[2020.03.25-21.03.24:285][  0]LogDerivedDataCache: Unable to find inner node Pak for hierarchical cache Hierarchy.
[2020.03.25-21.03.24:285][  0]LogDerivedDataCache: FDerivedDataBackendGraph:  CompressedPak pak cache file ../../../../../../Users/Michael/Documents/Unreal Projects/Archaic_Chain_FPS/DerivedDataCache/Compressed.ddp not found, will not use a pak cache.
[2020.03.25-21.03.24:285][  0]LogDerivedDataCache: Unable to find inner node CompressedPak for hierarchical cache Hierarchy.
[2020.03.25-21.03.24:302][  0]LogDerivedDataCache: Display: Pak cache opened for reading ../../../Engine/DerivedDataCache/Compressed.ddp.
[2020.03.25-21.03.24:315][  0]LogDerivedDataCache: Using Local data cache path C:/Users/Michael/AppData/Local/UnrealEngine/Common/DerivedDataCache: Writable
[2020.03.25-21.03.24:315][  0]LogDerivedDataCache: Shared data cache path not found in *engine.ini, will not use an Shared cache.
[2020.03.25-21.03.24:315][  0]LogDerivedDataCache: Unable to find inner node Shared for hierarchical cache Hierarchy.
[2020.03.25-21.03.24:338][  0]LogMaterial: Verifying Global Shaders for PCD3D_SM5
[2020.03.25-21.03.24:340][  0]LogSlate: Using FreeType 2.6.0
[2020.03.25-21.03.24:341][  0]LogSlate: SlateFontServices - WITH_FREETYPE: 1, WITH_HARFBUZZ: 1
[2020.03.25-21.03.24:418][  0]LogAssetRegistry: FAssetRegistry took 0.0284 seconds to start up
[2020.03.25-21.03.24:801][  0]LogInit: Selected Device Profile: [Windows]
[2020.03.25-21.03.24:947][  0]LogSimplygon: Simplygon DLL not present - disabling.
[2020.03.25-21.03.24:951][  0]LogMeshReduction: Using SimplygonSwarm for distributed automatic mesh merging
[2020.03.25-21.03.24:951][  0]LogMeshReduction: Using ProxyLODMeshReduction for automatic mesh merging
[2020.03.25-21.03.24:951][  0]LogMeshReduction: Using QuadricMeshReduction for automatic static mesh reduction
[2020.03.25-21.03.24:951][  0]LogMeshReduction: No automatic skeletal mesh reduction module available
[2020.03.25-21.03.24:975][  0]LogNetVersion: Archaic_Chain_FPS 1.0.0, NetCL: 4212847, EngineNetVer: 5, GameNetVer: 0 (Checksum: 3766234843)
[2020.03.25-21.03.25:548][  0]LogPackageLocalizationCache: Processed 9 localized package path(s) for 2 prioritized culture(s) in 0.142823 seconds
[2020.03.25-21.03.25:561][  0]LogUObjectArray: 37967 objects as part of root set at end of initial load.
[2020.03.25-21.03.25:561][  0]LogUObjectAllocator: 6605920 out of 0 bytes used by permanent object pool.
[2020.03.25-21.03.25:561][  0]LogUObjectArray: CloseDisregardForGC: 0/0 objects in disregard for GC pool
[2020.03.25-21.03.26:501][  0]LogTcpMessaging: Initializing TcpMessaging bridge
[2020.03.25-21.03.26:517][  0]LogUdpMessaging: Initializing bridge on interface 0.0.0.0:0 to multicast group 230.0.0.1:6666.
[2020.03.25-21.03.26:660][  0]SourceControl: Source control is disabled
[2020.03.25-21.03.27:188][  0]LogAndroidPermission: UAndroidPermissionCallbackProxy::GetInstance
[2020.03.25-21.03.27:393][  0]LogEngine: Initializing Engine...
[2020.03.25-21.03.27:395][  0]LogStats: UGameplayTagsManager::ConstructGameplayTagTree: ImportINI prefixes -  0.000 s
[2020.03.25-21.03.27:395][  0]LogStats: UGameplayTagsManager::ConstructGameplayTagTree: Construct from data asset -  0.000 s
[2020.03.25-21.03.27:395][  0]LogStats: UGameplayTagsManager::ConstructGameplayTagTree: ImportINI -  0.000 s
[2020.03.25-21.03.27:395][  0]LogStats: UGameplayTagsManager::ConstructGameplayTagTree: GameplayTagTreeChangedEvent.Broadcast -  0.000 s
[2020.03.25-21.03.27:610][  0]LogInit: Initializing FReadOnlyCVARCache
[2020.03.25-21.03.27:625][  0]LogAIModule: Creating AISystem for world Untitled
[2020.03.25-21.03.27:663][  0]LogInit: XAudio2 using 'ASUS VP28U (NVIDIA High Definition Audio)' : 2 channels at 48 kHz using 16 bits per sample (channel mask 0x3)
[2020.03.25-21.03.27:690][  0]LogInit: FAudioDevice initialized.
[2020.03.25-21.03.27:691][  0]LogNetVersion: Set ProjectVersion to 1.0.0.0. Version Checksum will be recalculated on next use.
[2020.03.25-21.03.27:776][  0]LogDerivedDataCache: Saved boot cache 0.09s 68MB C:/Users/Michael/AppData/Local/UnrealEngine/4.20/DerivedDataCache/Boot.ddc.
[2020.03.25-21.03.27:781][  0]LogInit: Texture streaming: Enabled
[2020.03.25-21.03.27:808][  0]LogEngineSessionManager: EngineSessionManager initialized
[2020.03.25-21.03.27:832][  0]LogInit: Transaction tracking system initialized
[2020.03.25-21.03.27:855][  0]BlueprintLog: New page: Editor Load
[2020.03.25-21.03.27:956][  0]LocalizationService: Localization service is disabled
[2020.03.25-21.03.28:503][  0]LogCook: Display: Max memory allowance for cook 16384mb min free memory 0mb
[2020.03.25-21.03.28:503][  0]LogCook: Display: Mobile HDR setting 1
[2020.03.25-21.03.28:503][  0]LogGameplayTags: Display: UGameplayTagsManager::DoneAddingNativeTags. DelegateIsBound: 0
[2020.03.25-21.03.28:503][  0]LogStats: UGameplayTagsManager::ConstructGameplayTagTree: ImportINI prefixes -  0.000 s
[2020.03.25-21.03.28:503][  0]LogStats: UGameplayTagsManager::ConstructGameplayTagTree: Construct from data asset -  0.000 s
[2020.03.25-21.03.28:503][  0]LogStats: UGameplayTagsManager::ConstructGameplayTagTree: ImportINI -  0.000 s
[2020.03.25-21.03.28:503][  0]LogStats: UGameplayTagsManager::ConstructGameplayTagTree: GameplayTagTreeChangedEvent.Broadcast -  0.000 s
[2020.03.25-21.03.28:661][  0]LogFileCache: Scanning file cache for directory 'C:/Users/Michael/Documents/Unreal Projects/Archaic_Chain_FPS/Content/' took 0.02s
[2020.03.25-21.03.28:661][  0]Cmd: MAP LOAD FILE="../../../../../../Users/Michael/Documents/Unreal Projects/Archaic_Chain_FPS/Content/FirstPersonBP/Maps/FirstPersonExampleMap.umap" TEMPLATE=0 SHOWPROGRESS=1 FEATURELEVEL=3
[2020.03.25-21.03.28:662][  0]LightingResults: New page: Lighting Build
[2020.03.25-21.03.28:665][  0]MapCheck: New page: Map Check
[2020.03.25-21.03.28:665][  0]LightingResults: New page: Lighting Build
[2020.03.25-21.03.29:334][  0]LogAIModule: Creating AISystem for world FirstPersonExampleMap
[2020.03.25-21.03.29:346][  0]LogEditorServer: Finished looking for orphan Actors (0.000 secs)
[2020.03.25-21.03.29:370][  0]Cmd: MAP CHECKDEP NOCLEARLOG
[2020.03.25-21.03.29:459][  0]MapCheck: Map check complete: 0 Error(s), 0 Warning(s), took 88.695ms to complete.
[2020.03.25-21.03.29:459][  0]LogFileHelpers: Loading map 'FirstPersonExampleMap' took 0.797
[2020.03.25-21.03.29:586][  0]LogSlate: Updating window title bar state: overlay mode, drag disabled, window buttons hidden, title bar hidden
[2020.03.25-21.03.29:596][  0]LogSlate: Updating window title bar state: overlay mode, drag disabled, window buttons hidden, title bar hidden
[2020.03.25-21.03.29:606][  0]LogSlate: Updating window title bar state: overlay mode, drag disabled, window buttons hidden, title bar hidden
[2020.03.25-21.03.29:616][  0]LogSlate: Updating window title bar state: overlay mode, drag disabled, window buttons hidden, title bar hidden
[2020.03.25-21.03.29:624][  0]LogCollectionManager: Loaded 0 collections in 0.002074 seconds
[2020.03.25-21.03.29:670][  0]LogFileCache: Scanning file cache for directory 'C:/Users/Michael/Documents/Unreal Projects/Archaic_Chain_FPS/Saved/Collections/' took 0.01s
[2020.03.25-21.03.29:670][  0]LogFileCache: Scanning file cache for directory 'C:/Users/Michael/Documents/Unreal Projects/Archaic_Chain_FPS/Content/Developers/Michael/Collections/' took 0.01s
[2020.03.25-21.03.29:670][  0]LogFileCache: Scanning file cache for directory 'C:/Users/Michael/Documents/Unreal Projects/Archaic_Chain_FPS/Content/Collections/' took 0.01s
[2020.03.25-21.03.29:670][  0]LogCollectionManager: Rebuilt the GUID cache for 0 collections in 0.000000 seconds
[2020.03.25-21.03.29:683][  0]LogContentBrowser: Native class hierarchy populated in 0.0123 seconds. Added 2565 classes and 594 folders.
[2020.03.25-21.03.29:691][  0]LogContentBrowser: Native class hierarchy updated for 'WidgetCarousel' in 0.0003 seconds. Added 0 classes and 0 folders.
[2020.03.25-21.03.29:735][  0]LogContentBrowser: Native class hierarchy updated for 'AddContentDialog' in 0.0004 seconds. Added 0 classes and 0 folders.
[2020.03.25-21.03.29:742][  0]LogContentBrowser: Native class hierarchy updated for 'SceneOutliner' in 0.0004 seconds. Added 1 classes and 2 folders.
[2020.03.25-21.03.29:763][  0]LogSlate: Took 0.000237 seconds to synchronously load lazily loaded font '../../../Engine/Content/Slate/Fonts/Roboto-Regular.ttf' (155K)
[2020.03.25-21.03.29:765][  0]LogSlate: Took 0.000144 seconds to synchronously load lazily loaded font '../../../Engine/Content/Slate/Fonts/Roboto-Bold.ttf' (160K)
[2020.03.25-21.03.29:770][  0]LogSlate: Took 0.000255 seconds to synchronously load lazily loaded font '../../../Engine/Content/Editor/Slate/Fonts/FontAwesome.ttf' (139K)
[2020.03.25-21.03.29:855][  0]LogRenderer: Reallocating scene render targets to support 1668x812 Format 10 NumSamples 1 (Frame:1).
[2020.03.25-21.03.30:017][  0]LogContentBrowser: Native class hierarchy updated for 'HierarchicalLODOutliner' in 0.0004 seconds. Added 0 classes and 0 folders.
[2020.03.25-21.03.30:017][  0]LogLoad: (Engine Initialization) Total time: 10.24 seconds
[2020.03.25-21.03.30:017][  0]LogLoad: (Engine Initialization) Total Blueprint compile time: 0.00 seconds
[2020.03.25-21.03.30:052][  0]LogContentStreaming: Texture pool size now 1000 MB
[2020.03.25-21.03.30:113][  1]LogAssetRegistry: Asset discovery search completed in 5.7185 seconds
[2020.03.25-21.03.30:116][  1]LogCollectionManager: Rebuilt the object cache for 0 collections in 0.000000 seconds (found 0 objects)
[2020.03.25-21.03.30:116][  1]LogCollectionManager: Fixed up redirectors for 0 collections in 0.000078 seconds (updated 0 objects)
[2020.03.25-21.03.32:325][253]LogSlate: FSceneViewport::OnFocusLost() reason 0
[2020.03.25-21.03.36:182][695]LogSlate: Took 0.000428 seconds to synchronously load lazily loaded font '../../../Engine/Content/Slate/Fonts/Roboto-Light.ttf' (167K)
[2020.03.25-21.03.36:196][695]LogLinker: Warning: Can't find file '/Game/Worlds/Main_Game_BuiltData'
[2020.03.25-21.03.36:197][695]LogLinker: Warning: Can't find file for asset '/Game/Worlds/Main_Game_BuiltData' while loading ../../../../../../Users/Michael/Documents/Unreal Projects/Archaic_Chain_FPS/Content/Worlds/Main_Game.umap.
[2020.03.25-21.03.36:197][695]LoadErrors: Error: /Game/Worlds/Main_Game : Can't find file for asset. /Game/Worlds/Main_Game_BuiltData
[2020.03.25-21.03.36:427][695]LogLinker: Warning: Can't find file '/Game/Worlds/Main_Game_BuiltData'
[2020.03.25-21.03.36:427][695]LogLinker: Warning: Can't find file for asset '/Game/Worlds/Main_Game_BuiltData' while loading ../../../../../../Users/Michael/Documents/Unreal Projects/Archaic_Chain_FPS/Content/Worlds/Main_Game.umap.
[2020.03.25-21.03.36:467][695]LogLinker: Warning: Can't find file '/Game/Worlds/Main_Game_BuiltData'
[2020.03.25-21.03.36:467][695]LoadErrors: Failed to load /Game/Worlds/Main_Game_BuiltData.Main_Game_BuiltData Referenced by PersistentLevel
[2020.03.25-21.03.36:468][695]LogLinker: Warning: Can't find file for asset '/Game/Worlds/Main_Game_BuiltData' while loading NULL.
[2020.03.25-21.03.37:033][695]LogAIModule: Creating AISystem for world Main_Game
[2020.03.25-21.03.37:043][695]LogAssetEditorManager: Opening Asset editor for World /Game/Worlds/Main_Game.Main_Game
[2020.03.25-21.03.37:068][695]Cmd: MAP LOAD FILE="../../../../../../Users/Michael/Documents/Unreal Projects/Archaic_Chain_FPS/Content/Worlds/Main_Game.umap" TEMPLATE=0 SHOWPROGRESS=1 FEATURELEVEL=3
[2020.03.25-21.03.37:068][695]LightingResults: New page: Lighting Build
[2020.03.25-21.03.37:069][695]LoadErrors: New page: Loading map: Main_Game.umap
[2020.03.25-21.03.37:070][695]MapCheck: New page: Map Check
[2020.03.25-21.03.37:070][695]LightingResults: New page: Lighting Build
[2020.03.25-21.03.37:098][695]LogEditorServer: Finished looking for orphan Actors (0.000 secs)
[2020.03.25-21.03.37:147][695]Cmd: MAP CHECKDEP NOCLEARLOG
[2020.03.25-21.03.37:279][695]MapCheck: Map check complete: 0 Error(s), 0 Warning(s), took 132.728ms to complete.
[2020.03.25-21.03.37:281][695]LogFileHelpers: Loading map 'Main_Game' took 0.215
[2020.03.25-21.03.40:278][ 30]LogTemp: Repeating last play command: Selected Viewport
[2020.03.25-21.03.40:297][ 30]LogPlayLevel: PlayLevel: No blueprints needed recompiling
[2020.03.25-21.03.40:310][ 30]PIE: New page: PIE session: Main_Game (Mar 25, 2020, 7:03:40 AM)
[2020.03.25-21.03.40:310][ 30]LogPlayLevel: Creating play world package: /Game/Worlds/UEDPIE_0_Main_Game
[2020.03.25-21.03.40:316][ 30]LogPlayLevel: PIE: StaticDuplicateObject took: (0.005716s)
[2020.03.25-21.03.40:317][ 30]LogAIModule: Creating AISystem for world Main_Game
[2020.03.25-21.03.40:317][ 30]LogPlayLevel: PIE: World Init took: (0.000895s)
[2020.03.25-21.03.40:317][ 30]LogPlayLevel: PIE: Created PIE world by copying editor world from /Game/Worlds/Main_Game.Main_Game to /Game/Worlds/UEDPIE_0_Main_Game.Main_Game (0.006764s)
[2020.03.25-21.03.40:374][ 30]LogInit: XAudio2 using 'ASUS VP28U (NVIDIA High Definition Audio)' : 2 channels at 48 kHz using 16 bits per sample (channel mask 0x3)
[2020.03.25-21.03.40:386][ 30]LogInit: FAudioDevice initialized.
[2020.03.25-21.03.40:435][ 30]LogLoad: Game class is 'FirstPersonGameMode_C'
[2020.03.25-21.03.40:438][ 30]LogWorld: Bringing World /Game/Worlds/UEDPIE_0_Main_Game.Main_Game up for play (max tick rate 0) at 2020.03.25-14.03.40
[2020.03.25-21.03.40:439][ 30]LogWorld: Bringing up level for play took: 0.001864
[2020.03.25-21.03.40:457][ 30]LogContentBrowser: Native class hierarchy updated for 'MovieSceneCapture' in 0.0004 seconds. Added 10 classes and 0 folders.
[2020.03.25-21.03.40:460][ 30]PIE: Play in editor start time for /Game/Worlds/UEDPIE_0_Main_Game 0.036
[2020.03.25-21.03.46:774][747]LogSlate: Updating window title bar state: overlay mode, drag disabled, window buttons hidden, title bar hidden
[2020.03.25-21.03.46:817][747]LogPlayLevel: Display: Shutting down PIE online subsystems
[2020.03.25-21.03.46:838][747]LogSlate: Updating window title bar state: overlay mode, drag disabled, window buttons hidden, title bar hidden
[2020.03.25-21.03.46:896][748]LogPlayLevel: Display: Destroying online subsystem :Context_1
[2020.03.25-21.04.12:871][743]LogEditorViewport: Clicking on Actor (LMB): StaticMeshActor (Yard_Floor)
[2020.03.25-21.04.19:288][390]LogSlate: FSceneViewport::OnFocusLost() reason 0
[2020.03.25-21.04.42:729][793]LogSlate: FSceneViewport::OnFocusLost() reason 0
[2020.03.25-21.04.56:895][227]LogAssetEditorManager: Opening Asset editor for StaticMesh /Game/3D_Assets/Banners/Banners.Banners
[2020.03.25-21.04.57:435][227]LogRenderer: Reallocating scene render targets to support 1912x1284 Format 10 NumSamples 1 (Frame:1).
[2020.03.25-21.04.57:435][227]LogSlate: Took 0.000247 seconds to synchronously load lazily loaded font '../../../Engine/Content/Slate/Fonts/Roboto-Italic.ttf' (157K)
[2020.03.25-21.05.03:165][555]LogSlate: FSceneViewport::OnFocusLost() reason 2
[2020.03.25-21.05.08:589][868]LogSlate: FSceneViewport::OnFocusLost() reason 0
[2020.03.25-21.05.08:639][871]LogSlate: Window 'Banners' being destroyed
[2020.03.25-21.05.08:661][871]LogSlate: Window 'Banners' being destroyed
[2020.03.25-21.05.11:070][ 95]LogEditorViewport: Clicking on Actor (LMB): StaticMeshActor (Yard_Floor)
[2020.03.25-21.05.12:992][273]LogSlate: FSceneViewport::OnFocusLost() reason 0
[2020.03.25-21.05.20:030][802]LogAssetEditorManager: Opening Asset editor for StaticMesh /Game/3D_Assets/YardFloor/Yard_Floor.Yard_Floor
[2020.03.25-21.05.32:132][425]LogSavePackage: Moving '../../../../../../Users/Michael/Documents/Unreal Projects/Archaic_Chain_FPS/Saved/Yard_Floor53DB4153431146AC0F7F09862A06C692.tmp' to '../../../../../../Users/Michael/Documents/Unreal Projects/Archaic_Chain_FPS/Content/3D_Assets/YardFloor/Yard_Floor.uasset'
[2020.03.25-21.05.33:308][494]LogSlate: Window 'Yard_Floor' being destroyed
[2020.03.25-21.05.33:330][494]LogSlate: Window 'Yard_Floor' being destroyed
[2020.03.25-21.07.09:481][325]LogEditorViewport: Clicking on Actor (LMB): StaticMeshActor (Overview_Wall_1)
[2020.03.25-21.07.28:098][215]LogSlate: FSceneViewport::OnFocusLost() reason 0
[2020.03.25-21.07.28:373][226]LogSavePackage: Moving '../../../../../../Users/Michael/Documents/Unreal Projects/Archaic_Chain_FPS/Saved/Main_GameBB0CF60747700CD0A74501B761734FA5.tmp' to '../../../../../../Users/Michael/Documents/Unreal Projects/Archaic_Chain_FPS/Content/Worlds/Main_Game.umap'
[2020.03.25-21.07.37:161][848]LogSlate: Window 'Save Level As' being destroyed
[2020.03.25-21.07.43:607][412]LogSavePackage: Moving '../../../../../../Users/Michael/Documents/Unreal Projects/Archaic_Chain_FPS/Saved/Main_GameA686E2AC41E7FC5C2A39C1A9D8B19364.tmp' to '../../../../../../Users/Michael/Documents/Unreal Projects/Archaic_Chain_FPS/Content/Worlds/Main_Game.umap'
[2020.03.25-21.07.51:575][205]LogSlate: FSceneViewport::OnFocusLost() reason 0
[2020.03.25-21.07.51:742][218]LogActorFactory: Actor Factory created Cube
[2020.03.25-21.07.52:930][310]LogActorFactory: Actor Factory created Cube
[2020.03.25-21.08.15:044][509]LogSlate: FSceneViewport::OnFocusLost() reason 0
[2020.03.25-21.09.02:465][377]LogSlate: FSceneViewport::OnFocusLost() reason 0
[2020.03.25-21.09.14:478][625]EditorErrors: New page: Actor attachment
[2020.03.25-21.09.19:981][176]Cmd: EDIT COPY
[2020.03.25-21.09.20:245][202]Cmd: EDIT PASTE
[2020.03.25-21.09.34:024][527]LogSlate: FSceneViewport::OnFocusLost() reason 0
[2020.03.25-21.09.35:385][660]Cmd: EDIT COPY
[2020.03.25-21.09.35:644][685]Cmd: EDIT PASTE
[2020.03.25-21.09.47:393][835]LogEditorViewport: Clicking on Actor (LMB): StaticMeshActor (Banner_Cube4)
[2020.03.25-21.10.01:250][252]LogEditorViewport: Clicking on Actor (LMB): StaticMeshActor (Banner_Cube3)
[2020.03.25-21.10.04:783][597]LogEditorViewport: Clicking on Actor (LMB): StaticMeshActor (Banner_Cube4)
[2020.03.25-21.10.10:178][159]LogEditorViewport: Clicking on Actor (LMB): StaticMeshActor (Banner_Cube3)
[2020.03.25-21.10.15:517][697]LogSlate: FSceneViewport::OnFocusLost() reason 0
[2020.03.25-21.10.24:801][618]LogSlate: FSceneViewport::OnFocusLost() reason 0
[2020.03.25-21.10.25:030][625]LogSavePackage: Moving '../../../../../../Users/Michael/Documents/Unreal Projects/Archaic_Chain_FPS/Saved/Main_GameC85E081A44B2A669B63ED59A516D2408.tmp' to '../../../../../../Users/Michael/Documents/Unreal Projects/Archaic_Chain_FPS/Content/Worlds/Main_Game.umap'
[2020.03.25-21.10.28:278][890]LogSavePackage: Moving '../../../../../../Users/Michael/Documents/Unreal Projects/Archaic_Chain_FPS/Saved/Main_Game74799E234954AF3551040080783D95EE.tmp' to '../../../../../../Users/Michael/Documents/Unreal Projects/Archaic_Chain_FPS/Content/Worlds/Main_Game.umap'
[2020.03.25-21.10.42:131][178]LogSlate: FSceneViewport::OnFocusLost() reason 0
[2020.03.25-21.10.42:284][194]LogTemp: Repeating last play command: Selected Viewport
[2020.03.25-21.10.42:303][194]LogPlayLevel: PlayLevel: No blueprints needed recompiling
[2020.03.25-21.10.42:303][194]PIE: New page: PIE session: Main_Game (Mar 25, 2020, 7:10:42 AM)
[2020.03.25-21.10.42:303][194]LogPlayLevel: Creating play world package: /Game/Worlds/UEDPIE_0_Main_Game
[2020.03.25-21.10.42:308][194]LogPlayLevel: PIE: StaticDuplicateObject took: (0.004307s)
[2020.03.25-21.10.42:308][194]LogAIModule: Creating AISystem for world Main_Game
[2020.03.25-21.10.42:309][194]LogPlayLevel: PIE: World Init took: (0.000886s)
[2020.03.25-21.10.42:309][194]LogPlayLevel: PIE: Created PIE world by copying editor world from /Game/Worlds/Main_Game.Main_Game to /Game/Worlds/UEDPIE_0_Main_Game.Main_Game (0.005331s)
[2020.03.25-21.10.42:365][194]LogInit: XAudio2 using 'ASUS VP28U (NVIDIA High Definition Audio)' : 2 channels at 48 kHz using 16 bits per sample (channel mask 0x3)
[2020.03.25-21.10.42:377][194]LogInit: FAudioDevice initialized.
[2020.03.25-21.10.42:413][194]LogLoad: Game class is 'FirstPersonGameMode_C'
[2020.03.25-21.10.42:415][194]LogWorld: Bringing World /Game/Worlds/UEDPIE_0_Main_Game.Main_Game up for play (max tick rate 0) at 2020.03.25-14.10.42
[2020.03.25-21.10.42:415][194]LogWorld: Bringing up level for play took: 0.001717
[2020.03.25-21.10.42:431][194]PIE: Play in editor start time for /Game/Worlds/UEDPIE_0_Main_Game 0.007
[2020.03.25-21.11.10:204][238]LogSlate: Updating window title bar state: overlay mode, drag disabled, window buttons hidden, title bar hidden
[2020.03.25-21.11.10:245][238]LogPlayLevel: Display: Shutting down PIE online subsystems
[2020.03.25-21.11.10:265][238]LogSlate: Updating window title bar state: overlay mode, drag disabled, window buttons hidden, title bar hidden
[2020.03.25-21.11.10:328][239]LogPlayLevel: Display: Destroying online subsystem :Context_6
[2020.03.25-21.11.12:378][467]LogSlate: FSceneViewport::OnFocusLost() reason 0
[2020.03.25-21.11.25:315][777]LogSlate: FSceneViewport::OnFocusLost() reason 0
[2020.03.25-21.11.25:571][785]LogSavePackage: Moving '../../../../../../Users/Michael/Documents/Unreal Projects/Archaic_Chain_FPS/Saved/Main_Game817DB6C84BEBF0F21C1A90955197EE6B.tmp' to '../../../../../../Users/Michael/Documents/Unreal Projects/Archaic_Chain_FPS/Content/Worlds/Main_Game.umap'
[2020.03.25-21.11.27:149][920]LogTemp: Repeating last play command: Selected Viewport
[2020.03.25-21.11.27:170][920]LogPlayLevel: PlayLevel: No blueprints needed recompiling
[2020.03.25-21.11.27:170][920]PIE: New page: PIE session: Main_Game (Mar 25, 2020, 7:11:27 AM)
[2020.03.25-21.11.27:170][920]LogPlayLevel: Creating play world package: /Game/Worlds/UEDPIE_0_Main_Game
[2020.03.25-21.11.27:174][920]LogPlayLevel: PIE: StaticDuplicateObject took: (0.004157s)
[2020.03.25-21.11.27:175][920]LogAIModule: Creating AISystem for world Main_Game
[2020.03.25-21.11.27:175][920]LogPlayLevel: PIE: World Init took: (0.000862s)
[2020.03.25-21.11.27:175][920]LogPlayLevel: PIE: Created PIE world by copying editor world from /Game/Worlds/Main_Game.Main_Game to /Game/Worlds/UEDPIE_0_Main_Game.Main_Game (0.005139s)
[2020.03.25-21.11.27:231][920]LogInit: XAudio2 using 'ASUS VP28U (NVIDIA High Definition Audio)' : 2 channels at 48 kHz using 16 bits per sample (channel mask 0x3)
[2020.03.25-21.11.27:243][920]LogInit: FAudioDevice initialized.
[2020.03.25-21.11.27:281][920]LogLoad: Game class is 'FirstPersonGameMode_C'
[2020.03.25-21.11.27:284][920]LogWorld: Bringing World /Game/Worlds/UEDPIE_0_Main_Game.Main_Game up for play (max tick rate 0) at 2020.03.25-14.11.27
[2020.03.25-21.11.27:284][920]LogWorld: Bringing up level for play took: 0.002331
[2020.03.25-21.11.27:299][920]PIE: Play in editor start time for /Game/Worlds/UEDPIE_0_Main_Game 0.875
[2020.03.25-21.11.29:332][144]LogSlate: Updating window title bar state: overlay mode, drag disabled, window buttons hidden, title bar hidden
[2020.03.25-21.11.29:373][144]LogPlayLevel: Display: Shutting down PIE online subsystems
[2020.03.25-21.11.29:393][144]LogSlate: Updating window title bar state: overlay mode, drag disabled, window buttons hidden, title bar hidden
[2020.03.25-21.11.29:434][145]LogPlayLevel: Display: Destroying online subsystem :Context_10
[2020.03.25-21.11.34:498][678]LogSlate: FSceneViewport::OnFocusLost() reason 2
[2020.03.25-21.11.35:870][809]SourceControl: fatal: C:/Program Files/Epic Games/UE_4.20/Engine/Content: 'C:/Program Files/Epic Games/UE_4.20/Engine/Content' is outside repository
[2020.03.25-21.11.36:019][809]LogSlate: FSceneViewport::OnFocusLost() reason 2
[2020.03.25-21.11.43:894][809]LogSlate: Window 'Submit Files' being destroyed
[2020.03.25-21.11.43:909][809]LogSlate: FSceneViewport::OnFocusLost() reason 2
[2020.03.25-21.11.44:166][809]LogSlate: FSceneViewport::OnFocusLost() reason 2
[2020.03.25-21.11.44:416][809]LogSourceControl: commit successful: [master aa59ad2] Fixed Collision
[2020.03.25-21.11.44:649][809]SourceControl: [master aa59ad2] Fixed Collision
[2020.03.25-21.11.44:649][809]SourceControl:  6 files changed, 3 insertions(+), 1 deletion(-)
[2020.03.25-21.11.44:649][809]SourceControl:  rewrite Content/3D_Assets/YardFloor/Yard_Floor.uasset (80%)
[2020.03.25-21.11.44:649][809]SourceControl:  rewrite Content/Crossbow/Metal.uasset (98%)
[2020.03.25-21.11.44:649][809]SourceControl:  rewrite Content/Crossbow/Wood.uasset (98%)
[2020.03.25-21.11.44:649][809]SourceControl:  rewrite Content/MobileStarterContent/Materials/M_Wood_Oak.uasset (97%)
[2020.03.25-21.11.44:660][809]SourceControl: Commited [master aa59ad2] Fixed Collision.
